//-------------------------- 7/15/2025 -- 10:51:33 -----
Processor Init:
   Intel Pentium III, ~2.40 Ghz
     (timed at roughly 2.39 Ghz)
   FPU detected
   MMX detected
   SSE detected
 
Math Init:
   Installing Standard C extensions
   Installing Assembly extensions
   Installing FPU extensions
   Installing MMX extensions
   Installing SSE extensions
 
Input Init:
   DirectInput enabled.

Initializing chunk mappings...
   o 'TEXT' maps to TextChunk
   o 'SCHK' maps to UnknownChunk
   o 'SCHK' maps to SimChunk
Loading compiled script X:/Study/小学期/计算机实践课程资料2025（for student）/04_Funcode平台(已经安装直接打开)/Funcode平台安装/FuncodeWin10/Games/deepspace/Bin/common/main.cs.
Loading compiled script X:/Study/小学期/计算机实践课程资料2025（for student）/04_Funcode平台(已经安装直接打开)/Funcode平台安装/FuncodeWin10/Games/deepspace/Bin/game/main.cs.
 % - Initializing Common
Loading compiled script X:/Study/小学期/计算机实践课程资料2025（for student）/04_Funcode平台(已经安装直接打开)/Funcode平台安装/FuncodeWin10/Games/deepspace/Bin/common/preferences/defaultPrefs.cs.
Reading Display Device information...
   Primary Display Device Found:
      Vendor Id: VEN_0000
      Device Id: DEV_0000

Using OpenGL rendering. Fullscreen: 0

Loading compiled script X:/Study/小学期/计算机实践课程资料2025（for student）/04_Funcode平台(已经安装直接打开)/Funcode平台安装/FuncodeWin10/Games/deepspace/Bin/common/gameScripts/xml.cs.
Loading compiled script X:/Study/小学期/计算机实践课程资料2025（for student）/04_Funcode平台(已经安装直接打开)/Funcode平台安装/FuncodeWin10/Games/deepspace/Bin/common/gameScripts/properties.cs.
Loading compiled script X:/Study/小学期/计算机实践课程资料2025（for student）/04_Funcode平台(已经安装直接打开)/Funcode平台安装/FuncodeWin10/Games/deepspace/Bin/common/gameScripts/common.cs.
Loading compiled script X:/Study/小学期/计算机实践课程资料2025（for student）/04_Funcode平台(已经安装直接打开)/Funcode平台安装/FuncodeWin10/Games/deepspace/Bin/common/gameScripts/audio.cs.
Loading compiled script X:/Study/小学期/计算机实践课程资料2025（for student）/04_Funcode平台(已经安装直接打开)/Funcode平台安装/FuncodeWin10/Games/deepspace/Bin/common/gameScripts/canvas.cs.
Loading compiled script X:/Study/小学期/计算机实践课程资料2025（for student）/04_Funcode平台(已经安装直接打开)/Funcode平台安装/FuncodeWin10/Games/deepspace/Bin/common/gameScripts/cursor.cs.
Video Init:
   Accelerated OpenGL display device detected.
   Accelerated D3D device not detected.
   Voodoo 2 display device not detected.

Activating the OpenGL display device...
Activating the OpenGL display device...
Setting screen mode to 320x320x32 (w)...
Creating a new window...
Acquiring a new device context...
Pixel format set:
  32 color bits, 24 depth bits, 8 stencil bits
Creating a new rendering context...
Making the new rendering context current...
OpenGL driver information:
  Vendor: NVIDIA Corporation
  Renderer: NVIDIA GeForce RTX 4060 Laptop GPU/PCIe/SSE2
  Version: 4.6.0 NVIDIA 572.16
OpenGL Init: Enabled Extensions
  ARB_multitexture (Max Texture Units: 4)
  EXT_blend_color
  EXT_blend_minmax
  EXT_compiled_vertex_array
  NV_vertex_array_range
  EXT_texture_env_combine
  EXT_packed_pixels
  EXT_fog_coord
  ARB_texture_compression
  EXT_texture_compression_s3tc
  (ARB|EXT)_texture_env_add
  EXT_texture_filter_anisotropic (Max anisotropy: 16)
  WGL_EXT_swap_control
OpenGL Init: Disabled Extensions
  EXT_paletted_texture
  3DFX_texture_compression_FXT1

Max Texture Size reported as: 32768
Setting screen mode to 1000x750x32 (w)...
OpenAL Driver Init:
   Failed to initialize driver.
Loading compiled script X:/Study/小学期/计算机实践课程资料2025（for student）/04_Funcode平台(已经安装直接打开)/Funcode平台安装/FuncodeWin10/Games/deepspace/Bin/common/gui/profiles.cs.
Loading compiled script X:/Study/小学期/计算机实践课程资料2025（for student）/04_Funcode平台(已经安装直接打开)/Funcode平台安装/FuncodeWin10/Games/deepspace/Bin/common/gui/cursors.cs.
Loading compiled script X:/Study/小学期/计算机实践课程资料2025（for student）/04_Funcode平台(已经安装直接打开)/Funcode平台安装/FuncodeWin10/Games/deepspace/Bin/common/gui/messageBoxOk.gui.
Loading compiled script X:/Study/小学期/计算机实践课程资料2025（for student）/04_Funcode平台(已经安装直接打开)/Funcode平台安装/FuncodeWin10/Games/deepspace/Bin/common/gui/messageBoxYesNo.gui.
Loading compiled script X:/Study/小学期/计算机实践课程资料2025（for student）/04_Funcode平台(已经安装直接打开)/Funcode平台安装/FuncodeWin10/Games/deepspace/Bin/common/gui/messageBoxYesNoCancel.gui.
Loading compiled script X:/Study/小学期/计算机实践课程资料2025（for student）/04_Funcode平台(已经安装直接打开)/Funcode平台安装/FuncodeWin10/Games/deepspace/Bin/common/gui/messageBoxOKCancel.gui.
Loading compiled script X:/Study/小学期/计算机实践课程资料2025（for student）/04_Funcode平台(已经安装直接打开)/Funcode平台安装/FuncodeWin10/Games/deepspace/Bin/common/gui/messageBoxOKCancelDetailsDlg.gui.
Loading compiled script X:/Study/小学期/计算机实践课程资料2025（for student）/04_Funcode平台(已经安装直接打开)/Funcode平台安装/FuncodeWin10/Games/deepspace/Bin/common/gui/messagePopup.gui.
Loading compiled script X:/Study/小学期/计算机实践课程资料2025（for student）/04_Funcode平台(已经安装直接打开)/Funcode平台安装/FuncodeWin10/Games/deepspace/Bin/common/gui/options.gui.
Loading compiled script X:/Study/小学期/计算机实践课程资料2025（for student）/04_Funcode平台(已经安装直接打开)/Funcode平台安装/FuncodeWin10/Games/deepspace/Bin/common/gui/remap.gui.
Loading compiled script X:/Study/小学期/计算机实践课程资料2025（for student）/04_Funcode平台(已经安装直接打开)/Funcode平台安装/FuncodeWin10/Games/deepspace/Bin/common/gui/console.gui.
Loading compiled script X:/Study/小学期/计算机实践课程资料2025（for student）/04_Funcode平台(已经安装直接打开)/Funcode平台安装/FuncodeWin10/Games/deepspace/Bin/common/gui/NetworkMenu.gui.
Loading compiled script X:/Study/小学期/计算机实践课程资料2025（for student）/04_Funcode平台(已经安装直接打开)/Funcode平台安装/FuncodeWin10/Games/deepspace/Bin/common/gui/startServer.gui.
Loading compiled script X:/Study/小学期/计算机实践课程资料2025（for student）/04_Funcode平台(已经安装直接打开)/Funcode平台安装/FuncodeWin10/Games/deepspace/Bin/common/gui/joinServer.gui.
Loading compiled script X:/Study/小学期/计算机实践课程资料2025（for student）/04_Funcode平台(已经安装直接打开)/Funcode平台安装/FuncodeWin10/Games/deepspace/Bin/common/gui/waitingForServer.gui.
Loading compiled script X:/Study/小学期/计算机实践课程资料2025（for student）/04_Funcode平台(已经安装直接打开)/Funcode平台安装/FuncodeWin10/Games/deepspace/Bin/common/gui/helpDlg.gui.
Loading compiled script X:/Study/小学期/计算机实践课程资料2025（for student）/04_Funcode平台(已经安装直接打开)/Funcode平台安装/FuncodeWin10/Games/deepspace/Bin/common/gui/messageBox.cs.
Loading compiled script X:/Study/小学期/计算机实践课程资料2025（for student）/04_Funcode平台(已经安装直接打开)/Funcode平台安装/FuncodeWin10/Games/deepspace/Bin/common/gui/help.cs.
Loading compiled script X:/Study/小学期/计算机实践课程资料2025（for student）/04_Funcode平台(已经安装直接打开)/Funcode平台安装/FuncodeWin10/Games/deepspace/Bin/common/gui/chatGui.gui.
Loading compiled script X:/Study/小学期/计算机实践课程资料2025（for student）/04_Funcode平台(已经安装直接打开)/Funcode平台安装/FuncodeWin10/Games/deepspace/Bin/common/gameScripts/screenshot.cs.
Loading compiled script X:/Study/小学期/计算机实践课程资料2025（for student）/04_Funcode平台(已经安装直接打开)/Funcode平台安装/FuncodeWin10/Games/deepspace/Bin/common/gameScripts/metrics.cs.
Loading compiled script X:/Study/小学期/计算机实践课程资料2025（for student）/04_Funcode平台(已经安装直接打开)/Funcode平台安装/FuncodeWin10/Games/deepspace/Bin/common/Gui/FrameOverlayGui.gui.
Loading compiled script X:/Study/小学期/计算机实践课程资料2025（for student）/04_Funcode平台(已经安装直接打开)/Funcode平台安装/FuncodeWin10/Games/deepspace/Bin/common/gameScripts/scriptDoc.cs.
Loading compiled script X:/Study/小学期/计算机实践课程资料2025（for student）/04_Funcode平台(已经安装直接打开)/Funcode平台安装/FuncodeWin10/Games/deepspace/Bin/common/gameScripts/keybindings.cs.
Loading compiled script X:/Study/小学期/计算机实践课程资料2025（for student）/04_Funcode平台(已经安装直接打开)/Funcode平台安装/FuncodeWin10/Games/deepspace/Bin/common/gameScripts/options.cs.
Loading compiled script X:/Study/小学期/计算机实践课程资料2025（for student）/04_Funcode平台(已经安装直接打开)/Funcode平台安装/FuncodeWin10/Games/deepspace/Bin/common/gameScripts/levelManagement.cs.
Loading compiled script X:/Study/小学期/计算机实践课程资料2025（for student）/04_Funcode平台(已经安装直接打开)/Funcode平台安装/FuncodeWin10/Games/deepspace/Bin/common/gameScripts/projectManagement.cs.
Loading compiled script X:/Study/小学期/计算机实践课程资料2025（for student）/04_Funcode平台(已经安装直接打开)/Funcode平台安装/FuncodeWin10/Games/deepspace/Bin/common/gameScripts/projectResources.cs.
Loading compiled script X:/Study/小学期/计算机实践课程资料2025（for student）/04_Funcode平台(已经安装直接打开)/Funcode平台安装/FuncodeWin10/Games/deepspace/Bin/common/gameScripts/align.cs.

FunCode (v1.7.5) initialized...
Loading compiled script X:/Study/小学期/计算机实践课程资料2025（for student）/04_Funcode平台(已经安装直接打开)/Funcode平台安装/FuncodeWin10/Games/deepspace/Bin/game/managed/datablocks.cs.
Loading compiled script X:/Study/小学期/计算机实践课程资料2025（for student）/04_Funcode平台(已经安装直接打开)/Funcode平台安装/FuncodeWin10/Games/deepspace/Bin/game/managed/persistent.cs.
Compiling X:/Study/小学期/计算机实践课程资料2025（for student）/04_Funcode平台(已经安装直接打开)/Funcode平台安装/FuncodeWin10/Games/deepspace/Bin/game/managed/brushes.cs...
Loading compiled script X:/Study/小学期/计算机实践课程资料2025（for student）/04_Funcode平台(已经安装直接打开)/Funcode平台安装/FuncodeWin10/Games/deepspace/Bin/game/managed/brushes.cs.
Loading compiled script X:/Study/小学期/计算机实践课程资料2025（for student）/04_Funcode平台(已经安装直接打开)/Funcode平台安装/FuncodeWin10/Games/deepspace/Bin/game/gui/mainScreen.gui.
Loading compiled script X:/Study/小学期/计算机实践课程资料2025（for student）/04_Funcode平台(已经安装直接打开)/Funcode平台安装/FuncodeWin10/Games/deepspace/Bin/game/gameScripts/game.cs.
Activating DirectInput...
DirectInput joystick failed to enable!
Compiling X:/Study/小学期/计算机实践课程资料2025（for student）/04_Funcode平台(已经安装直接打开)/Funcode平台安装/FuncodeWin10/Games/deepspace/Bin/game/data/levels/Satrt.t2d...
Loading compiled script X:/Study/小学期/计算机实践课程资料2025（for student）/04_Funcode平台(已经安装直接打开)/Funcode平台安装/FuncodeWin10/Games/deepspace/Bin/game/data/levels/Satrt.t2d.
Compiling X:/Study/小学期/计算机实践课程资料2025（for student）/04_Funcode平台(已经安装直接打开)/Funcode平台安装/FuncodeWin10/Games/deepspace/Bin/game/data/levels/intro1.t2d...
Loading compiled script X:/Study/小学期/计算机实践课程资料2025（for student）/04_Funcode平台(已经安装直接打开)/Funcode平台安装/FuncodeWin10/Games/deepspace/Bin/game/data/levels/intro1.t2d.
Compiling X:/Study/小学期/计算机实践课程资料2025（for student）/04_Funcode平台(已经安装直接打开)/Funcode平台安装/FuncodeWin10/Games/deepspace/Bin/game/data/levels/guan1.t2d...
Loading compiled script X:/Study/小学期/计算机实践课程资料2025（for student）/04_Funcode平台(已经安装直接打开)/Funcode平台安装/FuncodeWin10/Games/deepspace/Bin/game/data/levels/guan1.t2d.
t2dSceneGraph::addToScene() - Object '1371' is already in a SceneGraph!.
t2dSceneGraph::addToScene() - Object '1372' is already in a SceneGraph!.
t2dSceneGraph::addToScene() - Object '1373' is already in a SceneGraph!.
DirectInput deactivated.
Shutting down the OpenGL display device...
Making the GL rendering context not current...
Deleting the GL rendering context...
Releasing the device context...
