..\..\..\Bin\Game.pdb
X:\Study\小学期\计算机实践课程资料2025（for student）\04_Funcode平台(已经安装直接打开)\Funcode平台安装\FuncodeWin10\Games\deepspace\SourceCode\VCProject2012\VCProject2012\..\..\..\Bin\Game.exe
X:\Study\小学期\计算机实践课程资料2025（for student）\04_Funcode平台(已经安装直接打开)\Funcode平台安装\FuncodeWin10\Games\deepspace\SourceCode\VCProject2012\VCProject2012\Debug\cl.command.1.tlog
X:\Study\小学期\计算机实践课程资料2025（for student）\04_Funcode平台(已经安装直接打开)\Funcode平台安装\FuncodeWin10\Games\deepspace\SourceCode\VCProject2012\VCProject2012\Debug\CL.read.1.tlog
X:\Study\小学期\计算机实践课程资料2025（for student）\04_Funcode平台(已经安装直接打开)\Funcode平台安装\FuncodeWin10\Games\deepspace\SourceCode\VCProject2012\VCProject2012\Debug\CL.write.1.tlog
X:\Study\小学期\计算机实践课程资料2025（for student）\04_Funcode平台(已经安装直接打开)\Funcode平台安装\FuncodeWin10\Games\deepspace\SourceCode\VCProject2012\VCProject2012\Debug\Game.pdb
X:\STUDY\小学期\计算机实践课程资料2025（FOR STUDENT）\04_FUNCODE平台(已经安装直接打开)\FUNCODE平台安装\FUNCODEWIN10\GAMES\DEEPSPACE\SOURCECODE\VCPROJECT2012\VCPROJECT2012\DEBUG\LESSONX.OBJ
X:\Study\小学期\计算机实践课程资料2025（for student）\04_Funcode平台(已经安装直接打开)\Funcode平台安装\FuncodeWin10\Games\deepspace\SourceCode\VCProject2012\VCProject2012\Debug\link.command.1.tlog
X:\Study\小学期\计算机实践课程资料2025（for student）\04_Funcode平台(已经安装直接打开)\Funcode平台安装\FuncodeWin10\Games\deepspace\SourceCode\VCProject2012\VCProject2012\Debug\link.read.1.tlog
X:\Study\小学期\计算机实践课程资料2025（for student）\04_Funcode平台(已经安装直接打开)\Funcode平台安装\FuncodeWin10\Games\deepspace\SourceCode\VCProject2012\VCProject2012\Debug\link.write.1.tlog
X:\Study\小学期\计算机实践课程资料2025（for student）\04_Funcode平台(已经安装直接打开)\Funcode平台安装\FuncodeWin10\Games\deepspace\SourceCode\VCProject2012\VCProject2012\Debug\link-cvtres.read.1.tlog
X:\Study\小学期\计算机实践课程资料2025（for student）\04_Funcode平台(已经安装直接打开)\Funcode平台安装\FuncodeWin10\Games\deepspace\SourceCode\VCProject2012\VCProject2012\Debug\link-cvtres.write.1.tlog
X:\STUDY\小学期\计算机实践课程资料2025（FOR STUDENT）\04_FUNCODE平台(已经安装直接打开)\FUNCODE平台安装\FUNCODEWIN10\GAMES\DEEPSPACE\SOURCECODE\VCPROJECT2012\VCPROJECT2012\DEBUG\MAIN.OBJ
X:\STUDY\小学期\计算机实践课程资料2025（FOR STUDENT）\04_FUNCODE平台(已经安装直接打开)\FUNCODE平台安装\FUNCODEWIN10\GAMES\DEEPSPACE\SOURCECODE\VCPROJECT2012\VCPROJECT2012\DEBUG\MYLIB.OBJ
X:\Study\小学期\计算机实践课程资料2025（for student）\04_Funcode平台(已经安装直接打开)\Funcode平台安装\FuncodeWin10\Games\deepspace\SourceCode\VCProject2012\VCProject2012\Debug\rc.command.1.tlog
X:\Study\小学期\计算机实践课程资料2025（for student）\04_Funcode平台(已经安装直接打开)\Funcode平台安装\FuncodeWin10\Games\deepspace\SourceCode\VCProject2012\VCProject2012\Debug\rc.read.1.tlog
X:\Study\小学期\计算机实践课程资料2025（for student）\04_Funcode平台(已经安装直接打开)\Funcode平台安装\FuncodeWin10\Games\deepspace\SourceCode\VCProject2012\VCProject2012\Debug\rc.write.1.tlog
X:\Study\小学期\计算机实践课程资料2025（for student）\04_Funcode平台(已经安装直接打开)\Funcode平台安装\FuncodeWin10\Games\deepspace\SourceCode\VCProject2012\VCProject2012\Debug\vc100.idb
X:\STUDY\小学期\计算机实践课程资料2025（FOR STUDENT）\04_FUNCODE平台(已经安装直接打开)\FUNCODE平台安装\FUNCODEWIN10\GAMES\DEEPSPACE\SOURCECODE\VCPROJECT2012\VCPROJECT2012\DEBUG\VC100.PDB
X:\Study\小学期\计算机实践课程资料2025（for student）\04_Funcode平台(已经安装直接打开)\Funcode平台安装\FuncodeWin10\Games\deepspace\SourceCode\VCProject2012\VCProject2012\Debug\VCProject2012.vcxprojResolveAssemblyReference.cache
X:\Study\小学期\计算机实践课程资料2025（for student）\04_Funcode平台(已经安装直接打开)\Funcode平台安装\FuncodeWin10\Games\deepspace\SourceCode\VCProject2012\VCProject2012\Debug\VCProject2012.write.1.tlog
X:\STUDY\小学期\计算机实践课程资料2025（FOR STUDENT）\04_FUNCODE平台(已经安装直接打开)\FUNCODE平台安装\FUNCODEWIN10\GAMES\DEEPSPACE\SOURCECODE\VCPROJECT2012\VCPROJECT2012\DEBUG\VCTEMPLATE.RES
